2021-09-21 20:34:03 INFO  Benchmark_Timer - Begin run: testWaitPeriods with 2 runs
2021-09-21 21:48:07 INFO  Benchmark_Timer - Begin run: testWaitPeriods with 2 runs
2021-09-21 21:51:32 INFO  Benchmark_Timer - Begin run: testWaitPeriods with 2 runs
2021-09-21 22:02:13 INFO  Benchmark_Timer - Begin run: testWaitPeriods with 2 runs
2021-09-21 22:06:00 INFO  Benchmark_Timer - Begin run: testWaitPeriods with 2 runs
2021-09-21 22:36:54 INFO  Benchmark_Timer - Begin run: testWaitPeriods with 2 runs
2021-09-21 23:33:35 INFO  Benchmark_Timer - Begin run: testWaitPeriods with 2 runs
2021-09-21 23:35:17 DEBUG Config - Config.get(helper, instrument) = true
2021-09-21 23:35:17 DEBUG Config - Config.get(helper, seed) = 0
2021-09-21 23:35:17 DEBUG Config - Config.get(instrumenting, copies) = true
2021-09-21 23:35:17 DEBUG Config - Config.get(instrumenting, swaps) = true
2021-09-21 23:35:17 DEBUG Config - Config.get(instrumenting, compares) = true
2021-09-21 23:35:17 DEBUG Config - Config.get(instrumenting, inversions) = 1
2021-09-21 23:35:17 DEBUG Config - Config.get(instrumenting, fixes) = true
2021-09-21 23:35:17 DEBUG Config - Config.get(instrumenting, hits) = true
2021-09-21 23:35:17 DEBUG Config - Config.get(helper, cutoff) = 
2021-09-21 23:36:57 INFO  Benchmark_Timer - Begin run: testWaitPeriods with 2 runs
2021-09-22 20:02:39 INFO  Benchmark_Timer - Begin run: testWaitPeriods with 2 runs
2021-09-22 20:26:16 INFO  Benchmark_Timer - Begin run: testWaitPeriods with 2 runs
2021-09-22 20:32:46 INFO  Benchmark_Timer - Begin run: testWaitPeriods with 2 runs
2021-09-22 20:36:32 INFO  Benchmark_Timer - Begin run: testWaitPeriods with 2 runs
2021-09-22 20:55:26 INFO  Benchmark_Timer - Begin run: testWaitPeriods with 2 runs
2021-09-22 21:05:51 DEBUG Config - Config.get(helper, instrument) = true
2021-09-22 21:05:51 DEBUG Config - Config.get(helper, seed) = 0
2021-09-22 21:05:51 DEBUG Config - Config.get(instrumenting, copies) = true
2021-09-22 21:05:51 DEBUG Config - Config.get(instrumenting, swaps) = true
2021-09-22 21:05:51 DEBUG Config - Config.get(instrumenting, compares) = true
2021-09-22 21:05:51 DEBUG Config - Config.get(instrumenting, inversions) = 1
2021-09-22 21:05:51 DEBUG Config - Config.get(instrumenting, fixes) = true
2021-09-22 21:05:51 DEBUG Config - Config.get(instrumenting, hits) = true
2021-09-22 21:05:51 DEBUG Config - Config.get(helper, cutoff) = 
2021-09-22 21:17:18 INFO  Benchmark_Timer - Begin run: testWaitPeriods with 2 runs
2021-09-22 21:32:06 INFO  Benchmark_Timer - Begin run: testWaitPeriods with 2 runs
2021-09-22 21:32:24 DEBUG Config - Config.get(helper, instrument) = true
2021-09-22 21:32:24 DEBUG Config - Config.get(helper, seed) = 0
2021-09-22 21:32:24 DEBUG Config - Config.get(instrumenting, copies) = true
2021-09-22 21:32:24 DEBUG Config - Config.get(instrumenting, swaps) = true
2021-09-22 21:32:24 DEBUG Config - Config.get(instrumenting, compares) = true
2021-09-22 21:32:24 DEBUG Config - Config.get(instrumenting, inversions) = 1
2021-09-22 21:32:24 DEBUG Config - Config.get(instrumenting, fixes) = true
2021-09-22 21:32:24 DEBUG Config - Config.get(instrumenting, hits) = true
2021-09-22 21:32:24 DEBUG Config - Config.get(helper, cutoff) = 
2021-09-22 21:32:38 DEBUG Config - Config.get(helper, instrument) = true
2021-09-22 21:32:38 DEBUG Config - Config.get(helper, seed) = 0
2021-09-22 21:32:38 DEBUG Config - Config.get(instrumenting, copies) = true
2021-09-22 21:32:38 DEBUG Config - Config.get(instrumenting, swaps) = true
2021-09-22 21:32:38 DEBUG Config - Config.get(instrumenting, compares) = true
2021-09-22 21:32:38 DEBUG Config - Config.get(instrumenting, inversions) = 1
2021-09-22 21:32:38 DEBUG Config - Config.get(instrumenting, fixes) = true
2021-09-22 21:32:38 DEBUG Config - Config.get(instrumenting, hits) = true
2021-09-22 21:32:38 DEBUG Config - Config.get(helper, cutoff) = 
2021-09-22 22:25:07 DEBUG Config - Config.get(helper, instrument) = true
2021-09-22 22:25:07 DEBUG Config - Config.get(helper, seed) = 0
2021-09-22 22:25:07 DEBUG Config - Config.get(instrumenting, copies) = true
2021-09-22 22:25:07 DEBUG Config - Config.get(instrumenting, swaps) = true
2021-09-22 22:25:07 DEBUG Config - Config.get(instrumenting, compares) = true
2021-09-22 22:25:07 DEBUG Config - Config.get(instrumenting, inversions) = 1
2021-09-22 22:25:07 DEBUG Config - Config.get(instrumenting, fixes) = true
2021-09-22 22:25:07 DEBUG Config - Config.get(instrumenting, hits) = true
2021-09-22 22:25:07 DEBUG Config - Config.get(helper, cutoff) = 
2021-09-22 22:26:38 DEBUG Config - Config.get(helper, instrument) = true
2021-09-22 22:26:38 DEBUG Config - Config.get(helper, seed) = 0
2021-09-22 22:26:38 DEBUG Config - Config.get(instrumenting, copies) = true
2021-09-22 22:26:38 DEBUG Config - Config.get(instrumenting, swaps) = true
2021-09-22 22:26:38 DEBUG Config - Config.get(instrumenting, compares) = true
2021-09-22 22:26:38 DEBUG Config - Config.get(instrumenting, inversions) = 1
2021-09-22 22:26:38 DEBUG Config - Config.get(instrumenting, fixes) = true
2021-09-22 22:26:38 DEBUG Config - Config.get(instrumenting, hits) = true
2021-09-22 22:26:38 DEBUG Config - Config.get(helper, cutoff) = 
2021-09-22 22:26:40 DEBUG Config - Config.get(helper, instrument) = true
2021-09-22 22:26:40 DEBUG Config - Config.get(helper, seed) = 0
2021-09-22 22:26:40 DEBUG Config - Config.get(instrumenting, copies) = true
2021-09-22 22:26:40 DEBUG Config - Config.get(instrumenting, swaps) = true
2021-09-22 22:26:40 DEBUG Config - Config.get(instrumenting, compares) = true
2021-09-22 22:26:40 DEBUG Config - Config.get(instrumenting, inversions) = 1
2021-09-22 22:26:40 DEBUG Config - Config.get(instrumenting, fixes) = true
2021-09-22 22:26:40 DEBUG Config - Config.get(instrumenting, hits) = true
2021-09-22 22:26:40 DEBUG Config - Config.get(helper, cutoff) = 
2021-09-22 22:26:43 DEBUG Config - Config.get(helper, instrument) = true
2021-09-22 22:26:43 DEBUG Config - Config.get(helper, seed) = 0
2021-09-22 22:26:43 DEBUG Config - Config.get(instrumenting, copies) = true
2021-09-22 22:26:43 DEBUG Config - Config.get(instrumenting, swaps) = true
2021-09-22 22:26:43 DEBUG Config - Config.get(instrumenting, compares) = true
2021-09-22 22:26:43 DEBUG Config - Config.get(instrumenting, inversions) = 1
2021-09-22 22:26:43 DEBUG Config - Config.get(instrumenting, fixes) = true
2021-09-22 22:26:43 DEBUG Config - Config.get(instrumenting, hits) = true
2021-09-22 22:26:43 DEBUG Config - Config.get(helper, cutoff) = 
2021-09-22 22:50:01 DEBUG Config - Config.get(helper, instrument) = true
2021-09-22 22:50:01 DEBUG Config - Config.get(helper, seed) = 0
2021-09-22 22:50:01 DEBUG Config - Config.get(instrumenting, copies) = true
2021-09-22 22:50:01 DEBUG Config - Config.get(instrumenting, swaps) = true
2021-09-22 22:50:01 DEBUG Config - Config.get(instrumenting, compares) = true
2021-09-22 22:50:01 DEBUG Config - Config.get(instrumenting, inversions) = 1
2021-09-22 22:50:01 DEBUG Config - Config.get(instrumenting, fixes) = true
2021-09-22 22:50:01 DEBUG Config - Config.get(instrumenting, hits) = true
2021-09-22 22:50:01 DEBUG Config - Config.get(helper, cutoff) = 
2021-09-22 22:51:06 INFO  Benchmark_Timer - Begin run: testWaitPeriods with 2 runs
2021-09-22 23:06:50 DEBUG Config - Config.get(helper, instrument) = true
2021-09-22 23:06:50 DEBUG Config - Config.get(helper, seed) = 0
2021-09-22 23:06:50 DEBUG Config - Config.get(instrumenting, copies) = true
2021-09-22 23:06:50 DEBUG Config - Config.get(instrumenting, swaps) = true
2021-09-22 23:06:50 DEBUG Config - Config.get(instrumenting, compares) = true
2021-09-22 23:06:50 DEBUG Config - Config.get(instrumenting, inversions) = 1
2021-09-22 23:06:50 DEBUG Config - Config.get(instrumenting, fixes) = true
2021-09-22 23:06:50 DEBUG Config - Config.get(instrumenting, hits) = true
2021-09-22 23:06:50 DEBUG Config - Config.get(helper, cutoff) = 
2021-09-22 23:16:57 INFO  Benchmark_Timer - Begin run: testWaitPeriods with 2 runs
2021-09-23 00:07:33 DEBUG Config - Config.get(helper, instrument) = true
2021-09-23 00:07:33 DEBUG Config - Config.get(helper, seed) = 0
2021-09-23 00:07:33 DEBUG Config - Config.get(instrumenting, copies) = true
2021-09-23 00:07:33 DEBUG Config - Config.get(instrumenting, swaps) = true
2021-09-23 00:07:33 DEBUG Config - Config.get(instrumenting, compares) = true
2021-09-23 00:07:33 DEBUG Config - Config.get(instrumenting, inversions) = 1
2021-09-23 00:07:33 DEBUG Config - Config.get(instrumenting, fixes) = true
2021-09-23 00:07:33 DEBUG Config - Config.get(instrumenting, hits) = true
2021-09-23 00:07:33 DEBUG Config - Config.get(helper, cutoff) = 
2021-09-23 00:08:11 INFO  Benchmark_Timer - Begin run: testWaitPeriods with 2 runs
2021-09-23 00:52:14 INFO  Benchmark_Timer - Begin run: testWaitPeriods with 2 runs
2021-09-23 01:02:26 DEBUG Config - Config.get(helper, instrument) = true
2021-09-23 01:02:26 DEBUG Config - Config.get(helper, seed) = 0
2021-09-23 01:02:26 DEBUG Config - Config.get(instrumenting, copies) = true
2021-09-23 01:02:26 DEBUG Config - Config.get(instrumenting, swaps) = true
2021-09-23 01:02:26 DEBUG Config - Config.get(instrumenting, compares) = true
2021-09-23 01:02:26 DEBUG Config - Config.get(instrumenting, inversions) = 1
2021-09-23 01:02:26 DEBUG Config - Config.get(instrumenting, fixes) = true
2021-09-23 01:02:26 DEBUG Config - Config.get(instrumenting, hits) = true
2021-09-23 01:02:26 DEBUG Config - Config.get(helper, cutoff) = 
2021-09-23 01:02:39 DEBUG Config - Config.get(helper, instrument) = true
2021-09-23 01:02:39 DEBUG Config - Config.get(helper, seed) = 0
2021-09-23 01:02:39 DEBUG Config - Config.get(instrumenting, copies) = true
2021-09-23 01:02:39 DEBUG Config - Config.get(instrumenting, swaps) = true
2021-09-23 01:02:39 DEBUG Config - Config.get(instrumenting, compares) = true
2021-09-23 01:02:39 DEBUG Config - Config.get(instrumenting, inversions) = 1
2021-09-23 01:02:39 DEBUG Config - Config.get(instrumenting, fixes) = true
2021-09-23 01:02:39 DEBUG Config - Config.get(instrumenting, hits) = true
2021-09-23 01:02:39 DEBUG Config - Config.get(helper, cutoff) = 
2021-09-23 12:12:51 DEBUG Config - Config.get(helper, instrument) = true
2021-09-23 12:12:51 DEBUG Config - Config.get(helper, seed) = 0
2021-09-23 12:12:51 DEBUG Config - Config.get(instrumenting, copies) = true
2021-09-23 12:12:51 DEBUG Config - Config.get(instrumenting, swaps) = true
2021-09-23 12:12:51 DEBUG Config - Config.get(instrumenting, compares) = true
2021-09-23 12:12:51 DEBUG Config - Config.get(instrumenting, inversions) = 1
2021-09-23 12:12:51 DEBUG Config - Config.get(instrumenting, fixes) = true
2021-09-23 12:12:51 DEBUG Config - Config.get(instrumenting, hits) = true
2021-09-23 12:12:51 DEBUG Config - Config.get(helper, cutoff) = 
2021-09-23 12:15:24 DEBUG Config - Config.get(helper, instrument) = true
2021-09-23 12:15:24 DEBUG Config - Config.get(helper, seed) = 0
2021-09-23 12:15:24 DEBUG Config - Config.get(instrumenting, copies) = true
2021-09-23 12:15:24 DEBUG Config - Config.get(instrumenting, swaps) = true
2021-09-23 12:15:24 DEBUG Config - Config.get(instrumenting, compares) = true
2021-09-23 12:15:24 DEBUG Config - Config.get(instrumenting, inversions) = 1
2021-09-23 12:15:24 DEBUG Config - Config.get(instrumenting, fixes) = true
2021-09-23 12:15:24 DEBUG Config - Config.get(instrumenting, hits) = true
2021-09-23 12:15:24 DEBUG Config - Config.get(helper, cutoff) = 
2021-09-23 12:20:46 DEBUG Config - Config.get(helper, instrument) = true
2021-09-23 12:20:46 DEBUG Config - Config.get(helper, seed) = 0
2021-09-23 12:20:46 DEBUG Config - Config.get(instrumenting, copies) = true
2021-09-23 12:20:46 DEBUG Config - Config.get(instrumenting, swaps) = true
2021-09-23 12:20:46 DEBUG Config - Config.get(instrumenting, compares) = true
2021-09-23 12:20:46 DEBUG Config - Config.get(instrumenting, inversions) = 1
2021-09-23 12:20:46 DEBUG Config - Config.get(instrumenting, fixes) = true
2021-09-23 12:20:46 DEBUG Config - Config.get(instrumenting, hits) = true
2021-09-23 12:20:46 DEBUG Config - Config.get(helper, cutoff) = 
2021-09-23 12:26:46 DEBUG Config - Config.get(helper, instrument) = true
2021-09-23 12:26:46 DEBUG Config - Config.get(helper, seed) = 0
2021-09-23 12:26:46 DEBUG Config - Config.get(instrumenting, copies) = true
2021-09-23 12:26:46 DEBUG Config - Config.get(instrumenting, swaps) = true
2021-09-23 12:26:46 DEBUG Config - Config.get(instrumenting, compares) = true
2021-09-23 12:26:46 DEBUG Config - Config.get(instrumenting, inversions) = 1
2021-09-23 12:26:46 DEBUG Config - Config.get(instrumenting, fixes) = true
2021-09-23 12:26:46 DEBUG Config - Config.get(instrumenting, hits) = true
2021-09-23 12:26:46 DEBUG Config - Config.get(helper, cutoff) = 
2021-09-23 12:31:04 DEBUG Config - Config.get(helper, instrument) = true
2021-09-23 12:31:04 DEBUG Config - Config.get(helper, seed) = 0
2021-09-23 12:31:04 DEBUG Config - Config.get(instrumenting, copies) = true
2021-09-23 12:31:04 DEBUG Config - Config.get(instrumenting, swaps) = true
2021-09-23 12:31:04 DEBUG Config - Config.get(instrumenting, compares) = true
2021-09-23 12:31:04 DEBUG Config - Config.get(instrumenting, inversions) = 1
2021-09-23 12:31:04 DEBUG Config - Config.get(instrumenting, fixes) = true
2021-09-23 12:31:04 DEBUG Config - Config.get(instrumenting, hits) = true
2021-09-23 12:31:04 DEBUG Config - Config.get(helper, cutoff) = 
2021-09-23 12:31:17 DEBUG Config - Config.get(helper, instrument) = true
2021-09-23 12:31:17 DEBUG Config - Config.get(helper, seed) = 0
2021-09-23 12:31:17 DEBUG Config - Config.get(instrumenting, copies) = true
2021-09-23 12:31:17 DEBUG Config - Config.get(instrumenting, swaps) = true
2021-09-23 12:31:17 DEBUG Config - Config.get(instrumenting, compares) = true
2021-09-23 12:31:17 DEBUG Config - Config.get(instrumenting, inversions) = 1
2021-09-23 12:31:17 DEBUG Config - Config.get(instrumenting, fixes) = true
2021-09-23 12:31:17 DEBUG Config - Config.get(instrumenting, hits) = true
2021-09-23 12:31:17 DEBUG Config - Config.get(helper, cutoff) = 
2021-09-23 12:33:04 DEBUG Config - Config.get(helper, instrument) = true
2021-09-23 12:33:04 DEBUG Config - Config.get(helper, seed) = 0
2021-09-23 12:33:04 DEBUG Config - Config.get(instrumenting, copies) = true
2021-09-23 12:33:04 DEBUG Config - Config.get(instrumenting, swaps) = true
2021-09-23 12:33:04 DEBUG Config - Config.get(instrumenting, compares) = true
2021-09-23 12:33:04 DEBUG Config - Config.get(instrumenting, inversions) = 1
2021-09-23 12:33:04 DEBUG Config - Config.get(instrumenting, fixes) = true
2021-09-23 12:33:04 DEBUG Config - Config.get(instrumenting, hits) = true
2021-09-23 12:33:04 DEBUG Config - Config.get(helper, cutoff) = 
2021-09-23 12:34:37 DEBUG Config - Config.get(helper, instrument) = true
2021-09-23 12:34:37 DEBUG Config - Config.get(helper, seed) = 0
2021-09-23 12:34:37 DEBUG Config - Config.get(instrumenting, copies) = true
2021-09-23 12:34:37 DEBUG Config - Config.get(instrumenting, swaps) = true
2021-09-23 12:34:37 DEBUG Config - Config.get(instrumenting, compares) = true
2021-09-23 12:34:37 DEBUG Config - Config.get(instrumenting, inversions) = 1
2021-09-23 12:34:37 DEBUG Config - Config.get(instrumenting, fixes) = true
2021-09-23 12:34:37 DEBUG Config - Config.get(instrumenting, hits) = true
2021-09-23 12:34:37 DEBUG Config - Config.get(helper, cutoff) = 
2021-09-23 12:40:05 INFO  Benchmark_Timer - Begin run: testWaitPeriods with 2 runs
2021-09-23 13:08:39 DEBUG Config - Config.get(helper, instrument) = true
2021-09-23 13:08:39 DEBUG Config - Config.get(helper, seed) = 0
2021-09-23 13:08:39 DEBUG Config - Config.get(instrumenting, copies) = true
2021-09-23 13:08:39 DEBUG Config - Config.get(instrumenting, swaps) = true
2021-09-23 13:08:39 DEBUG Config - Config.get(instrumenting, compares) = true
2021-09-23 13:08:39 DEBUG Config - Config.get(instrumenting, inversions) = 1
2021-09-23 13:08:39 DEBUG Config - Config.get(instrumenting, fixes) = true
2021-09-23 13:08:39 DEBUG Config - Config.get(instrumenting, hits) = true
2021-09-23 13:08:39 DEBUG Config - Config.get(helper, cutoff) = 
2021-09-23 13:26:06 INFO  Benchmark_Timer - Begin run: testWaitPeriods with 2 runs
2021-09-23 13:26:13 DEBUG Config - Config.get(helper, instrument) = true
2021-09-23 13:26:13 DEBUG Config - Config.get(helper, seed) = 0
2021-09-23 13:26:13 DEBUG Config - Config.get(instrumenting, copies) = true
2021-09-23 13:26:13 DEBUG Config - Config.get(instrumenting, swaps) = true
2021-09-23 13:26:13 DEBUG Config - Config.get(instrumenting, compares) = true
2021-09-23 13:26:13 DEBUG Config - Config.get(instrumenting, inversions) = 1
2021-09-23 13:26:13 DEBUG Config - Config.get(instrumenting, fixes) = true
2021-09-23 13:26:13 DEBUG Config - Config.get(instrumenting, hits) = true
2021-09-23 13:26:13 DEBUG Config - Config.get(helper, cutoff) = 
2021-09-23 16:12:41 DEBUG Config - Config.get(helper, instrument) = true
2021-09-23 16:12:41 DEBUG Config - Config.get(helper, seed) = 0
2021-09-23 16:12:41 DEBUG Config - Config.get(instrumenting, copies) = true
2021-09-23 16:12:41 DEBUG Config - Config.get(instrumenting, swaps) = true
2021-09-23 16:12:41 DEBUG Config - Config.get(instrumenting, compares) = true
2021-09-23 16:12:41 DEBUG Config - Config.get(instrumenting, inversions) = 1
2021-09-23 16:12:41 DEBUG Config - Config.get(instrumenting, fixes) = true
2021-09-23 16:12:41 DEBUG Config - Config.get(instrumenting, hits) = true
2021-09-23 16:12:41 DEBUG Config - Config.get(helper, cutoff) = 
2021-09-23 16:24:16 DEBUG Config - Config.get(helper, instrument) = true
2021-09-23 16:24:16 DEBUG Config - Config.get(helper, seed) = 0
2021-09-23 16:24:16 DEBUG Config - Config.get(instrumenting, copies) = true
2021-09-23 16:24:16 DEBUG Config - Config.get(instrumenting, swaps) = true
2021-09-23 16:24:16 DEBUG Config - Config.get(instrumenting, compares) = true
2021-09-23 16:24:16 DEBUG Config - Config.get(instrumenting, inversions) = 1
2021-09-23 16:24:16 DEBUG Config - Config.get(instrumenting, fixes) = true
2021-09-23 16:24:16 DEBUG Config - Config.get(instrumenting, hits) = true
2021-09-23 16:24:16 DEBUG Config - Config.get(helper, cutoff) = 
2021-09-23 16:25:46 INFO  Benchmark_Timer - Begin run: testWaitPeriods with 2 runs
2021-09-23 19:15:18 INFO  Benchmark_Timer - Begin run: resu with 500 runs
2021-09-23 19:15:18 INFO  Benchmark_Timer - Begin run: resu with 500 runs
2021-09-23 19:15:18 INFO  Benchmark_Timer - Begin run: resu with 500 runs
2021-09-23 19:15:18 INFO  Benchmark_Timer - Begin run: resu with 500 runs
2021-09-23 19:15:18 INFO  Benchmark_Timer - Begin run: resu with 500 runs
2021-09-23 19:24:51 DEBUG Config - Config.get(helper, instrument) = true
2021-09-23 19:24:51 DEBUG Config - Config.get(helper, seed) = 0
2021-09-23 19:24:51 DEBUG Config - Config.get(instrumenting, copies) = true
2021-09-23 19:24:51 DEBUG Config - Config.get(instrumenting, swaps) = true
2021-09-23 19:24:51 DEBUG Config - Config.get(instrumenting, compares) = true
2021-09-23 19:24:51 DEBUG Config - Config.get(instrumenting, inversions) = 1
2021-09-23 19:24:51 DEBUG Config - Config.get(instrumenting, fixes) = true
2021-09-23 19:24:51 DEBUG Config - Config.get(instrumenting, hits) = true
2021-09-23 19:24:51 DEBUG Config - Config.get(helper, cutoff) = 
2021-09-23 19:25:07 INFO  Benchmark_Timer - Begin run: resu with 500 runs
2021-09-23 19:25:07 INFO  Benchmark_Timer - Begin run: resu with 500 runs
2021-09-23 19:25:07 INFO  Benchmark_Timer - Begin run: resu with 500 runs
2021-09-23 19:25:07 INFO  Benchmark_Timer - Begin run: resu with 500 runs
2021-09-23 19:25:07 INFO  Benchmark_Timer - Begin run: resu with 500 runs
